C:\USERS\SHO3LA\DESKTOP\LIGHTING\LIGHTING\DEBUG\APPLICATIONMANAGER.OBJ
C:\USERS\SHO3LA\DESKTOP\LIGHTING\LIGHTING\DEBUG\EULERCAMERA.OBJ
C:\USERS\SHO3LA\DESKTOP\LIGHTING\LIGHTING\DEBUG\SHADERPROGRAM.OBJ
C:\USERS\SHO3LA\DESKTOP\LIGHTING\LIGHTING\DEBUG\MAIN.OBJ
C:\USERS\SHO3LA\DESKTOP\LIGHTING\LIGHTING\DEBUG\MODEL.OBJ
C:\USERS\SHO3LA\DESKTOP\LIGHTING\LIGHTING\DEBUG\OBJLOADER.OBJ
C:\USERS\SHO3LA\DESKTOP\LIGHTING\LIGHTING\DEBUG\RENDERER.OBJ
C:\USERS\SHO3LA\DESKTOP\LIGHTING\LIGHTING\DEBUG\MODEL3D.OBJ
C:\USERS\SHO3LA\DESKTOP\LIGHTING\LIGHTING\DEBUG\MODELNODE.OBJ
C:\USERS\SHO3LA\DESKTOP\LIGHTING\LIGHTING\DEBUG\TEXTUREDMODEL.OBJ
C:\USERS\SHO3LA\DESKTOP\LIGHTING\LIGHTING\DEBUG\SHADER.OBJ
C:\USERS\SHO3LA\DESKTOP\LIGHTING\LIGHTING\DEBUG\TEXTURE.OBJ
C:\USERS\SHO3LA\DESKTOP\LIGHTING\LIGHTING\DEBUG\VC110.PDB
C:\USERS\SHO3LA\DESKTOP\LIGHTING\LIGHTING\DEBUG\STB_IMAGE.OBJ
C:\USERS\SHO3LA\DESKTOP\LIGHTING\DEBUG\LIGHTING.ILK
C:\USERS\SHO3LA\DESKTOP\LIGHTING\DEBUG\LIGHTING.EXE
C:\USERS\SHO3LA\DESKTOP\LIGHTING\DEBUG\LIGHTING.PDB
C:\Users\Sho3la\Desktop\Lighting\Lighting\Debug\ApplicationManager.obj
C:\Users\Sho3la\Desktop\Lighting\Lighting\Debug\EulerCamera.obj
C:\Users\Sho3la\Desktop\Lighting\Lighting\Debug\main.obj
C:\Users\Sho3la\Desktop\Lighting\Lighting\Debug\Model.obj
C:\Users\Sho3la\Desktop\Lighting\Lighting\Debug\Model3D.obj
C:\Users\Sho3la\Desktop\Lighting\Lighting\Debug\ModelNode.obj
C:\Users\Sho3la\Desktop\Lighting\Lighting\Debug\objloader.obj
C:\Users\Sho3la\Desktop\Lighting\Lighting\Debug\Renderer.obj
C:\Users\Sho3la\Desktop\Lighting\Lighting\Debug\shader.obj
C:\Users\Sho3la\Desktop\Lighting\Lighting\Debug\ShaderProgram.obj
C:\Users\Sho3la\Desktop\Lighting\Lighting\Debug\stb_image.obj
C:\Users\Sho3la\Desktop\Lighting\Lighting\Debug\texture.obj
C:\Users\Sho3la\Desktop\Lighting\Lighting\Debug\TexturedModel.obj
C:\Users\Sho3la\Desktop\Lighting\Lighting\Debug\cl.command.1.tlog
C:\Users\Sho3la\Desktop\Lighting\Lighting\Debug\CL.read.1.tlog
C:\Users\Sho3la\Desktop\Lighting\Lighting\Debug\CL.write.1.tlog
C:\Users\Sho3la\Desktop\Lighting\Lighting\Debug\link-cvtres.read.1.tlog
C:\Users\Sho3la\Desktop\Lighting\Lighting\Debug\link-cvtres.write.1.tlog
C:\Users\Sho3la\Desktop\Lighting\Lighting\Debug\link-rc.read.1.tlog
C:\Users\Sho3la\Desktop\Lighting\Lighting\Debug\link-rc.write.1.tlog
C:\Users\Sho3la\Desktop\Lighting\Lighting\Debug\link.command.1.tlog
C:\Users\Sho3la\Desktop\Lighting\Lighting\Debug\link.read.1.tlog
C:\Users\Sho3la\Desktop\Lighting\Lighting\Debug\link.write.1.tlog
C:\Users\Sho3la\Desktop\Lighting\Lighting\Debug\vc110.idb
C:\Users\Sho3la\Desktop\Lighting\Lighting\Debug\vc110.pdb
C:\Users\Sho3la\Desktop\Lighting\Debug\Lighting.pdb
C:\Users\Sho3la\Desktop\Lighting\Debug\Lighting.exe
C:\Users\Sho3la\Desktop\Lighting\Debug\Lighting.ilk
